<?xml version="1.0" encoding="UTF-8"?>
<testng-results total="1" passed="1" failed="0" skipped="0">
  <reporter-output>
  </reporter-output>
  <suite started-at="2021-12-26T18:59:40Z" name="Default suite" finished-at="2021-12-26T18:59:40Z" duration-ms="36">
    <groups>
    </groups>
    <test started-at="2021-12-26T18:59:40Z" name="Default test" finished-at="2021-12-26T18:59:40Z" duration-ms="36">
      <class name="com.web.testng.TestNg">
        <test-method signature="a()[pri:0, instance:com.web.testng.TestNg@79c97cb]" started-at="2021-12-27T00:29:40Z" name="a" finished-at="2021-12-27T00:29:40Z" duration-ms="17" status="PASS">
          <reporter-output>
          </reporter-output>
        </test-method> <!-- a -->
      </class> <!-- com.web.testng.TestNg -->
    </test> <!-- Default test -->
  </suite> <!-- Default suite -->
</testng-results>
